Step: build-step-credential-initializer-sbxj8:

{"level":"warn","ts":1554982215.0263314,"logger":"fallback-logger","caller":"logging/config.go:65","msg":"Fetch GitHub commit ID from kodata failed: \"ref: refs/heads/backport-container-name-fix\" is not a valid GitHub commit ID"}
{"level":"info","ts":1554982215.02686,"logger":"fallback-logger","caller":"creds-init/main.go:40","msg":"Credentials initialized."}
Step: build-step-git-source-jstrachan-nodey78-master-vrgr6:

{"level":"warn","ts":1554982217.515525,"logger":"fallback-logger","caller":"logging/config.go:65","msg":"Fetch GitHub commit ID from kodata failed: \"ref: refs/heads/backport-container-name-fix\" is not a valid GitHub commit ID"}
{"level":"info","ts":1554982218.697976,"logger":"fallback-logger","caller":"git-init/main.go:99","msg":"Successfully cloned \"https://github.com/jstrachan/nodey78\" @ \"v0.0.1\" in path \"/workspace/source\""}
Step: build-step-place-tools:

Step: build-step-setup-**-git-credentials:

Generated Git credentials file /workspace/xdg_config/git/credentials
Step: build-step-build-npm-install:

npm notice created a lockfile as package-lock.json. You should commit this file.
npm WARN REPLACE_ME@1.0.0 No repository field.
npm WARN REPLACE_ME@1.0.0 No license field.

up to date in 0.544s
found 0 vulnerabilities

Step: build-step-build-npm-test:


> REPLACE_ME@1.0.0 test /workspace/source
> echo "no test specified" && exit 0

no test specified
Step: build-step-build-container-build:

[36mINFO[0m[0000] Downloading base image node:9-slim           
ERROR: logging before flag.Parse: E0411 11:31:25.318786      12 metadata.go:142] while reading 'google-dockercfg' metadata: http status code: 404 while fetching url http://metadata.google.internal./computeMetadata/v1/instance/attributes/google-dockercfg
ERROR: logging before flag.Parse: E0411 11:31:25.323362      12 metadata.go:159] while reading 'google-dockercfg-url' metadata: http status code: 404 while fetching url http://metadata.google.internal./computeMetadata/v1/instance/attributes/google-dockercfg-url
2019/04/11 11:31:25 No matching credentials were found, falling back on anonymous
[36mINFO[0m[0001] Error while retrieving image from cache: getting file info: stat /workspace/sha256:0e0175bbe4f8d9d104590d8d2c591017874e30977cb71aaff1cf6fa99479575c: no such file or directory 
[36mINFO[0m[0001] Downloading base image node:9-slim           
2019/04/11 11:31:26 No matching credentials were found, falling back on anonymous
[36mINFO[0m[0002] Executing 0 build triggers                   
[36mINFO[0m[0002] cmd: EXPOSE                                  
[36mINFO[0m[0002] Adding exposed port: 8080/tcp                
[36mINFO[0m[0002] Using files from context: [/workspace/source] 
[36mINFO[0m[0002] Skipping unpacking as no commands require it. 
[36mINFO[0m[0002] Taking snapshot of full filesystem...        
[36mINFO[0m[0002] ENV PORT 8080                                
[36mINFO[0m[0002] No files changed in this command, skipping snapshotting. 
[36mINFO[0m[0002] EXPOSE 8080                                  
[36mINFO[0m[0002] cmd: EXPOSE                                  
[36mINFO[0m[0002] Adding exposed port: 8080/tcp                
[36mINFO[0m[0002] No files changed in this command, skipping snapshotting. 
[36mINFO[0m[0002] WORKDIR /usr/src/app                         
[36mINFO[0m[0002] cmd: workdir                                 
[36mINFO[0m[0002] Changed working directory to /usr/src/app    
[36mINFO[0m[0002] Creating directory /usr/src/app              
[36mINFO[0m[0002] Taking snapshot of files...                  
[36mINFO[0m[0002] Using files from context: [/workspace/source] 
[36mINFO[0m[0002] COPY . .                                     
[36mINFO[0m[0002] Taking snapshot of files...                  
[36mINFO[0m[0002] CMD ["npm", "start"]                         
[36mINFO[0m[0002] No files changed in this command, skipping snapshotting. 
2019/04/11 11:31:31 pushed blob: sha256:689dedb8752f9d6ebc13aa645d1b6096ad3b90234cb725d9de0a9f1495c66cab
2019/04/11 11:31:31 pushed blob: sha256:be850af6af6b01bb76fd877d43e560de8a4cebb3ad52dff8b301dd4171aac322
2019/04/11 11:31:31 pushed blob: sha256:78be6972e47653957576fc61d68521be1dd903cedb2e1201c93ac122236b1de0
2019/04/11 11:31:31 pushed blob: sha256:7d083412657baa2dafba8d093034ef26f9ed2c90fb6ed95f76bb55aff03ed429
2019/04/11 11:31:31 pushed blob: sha256:196b8e3c919d5639193ba6c6e54774528942041bbc37606631a2250502985c3c
2019/04/11 11:31:32 pushed blob: sha256:e01bd28a434b56ffd2a3fe9aa99b9b69aecca69904843edd30b1ee7150d79904
2019/04/11 11:31:33 pushed blob: sha256:5bba3ecb4cd6374a19da45f2a3db0a9c0804984358b3bb4b666c28944016e5ff
2019/04/11 11:31:33 pushed blob: sha256:a88538b9cd05cfa611e43a25582a95ad7879f6fa708b0386a26b71ee62235bb3
2019/04/11 11:31:35 gcr.io/**-development/nodey78:0.0.1: digest: sha256:5ce8a073f8ab966e4a244ef9209fd8bedd2510aa8e598b4654664db9e671d271 size: 1404
Step: build-step-build-post-build:

no CVE provider running in the current ** namespace so skip adding image to be analysed
Step: build-step-promote-changelog:

Converted /workspace/source/charts/nodey78 to an unshallow repository
Generating change log from git ref bf71c42c1d4a0acea1b029ce6b5dfab60e164574 => 661839e2415065dde1624e05de75f479843153e4
Failed to enrich commits with issues: User.jenkins.io "-0" is invalid: metadata.name: Invalid value: "-0": a DNS-1123 subdomain must consist of lower case alphanumeric characters, '-' or '.', and must start and end with an alphanumeric character (e.g. 'example.com', regex used for validation is '[a-z0-9]([-a-z0-9]*[a-z0-9])?(\.[a-z0-9]([-a-z0-9]*[a-z0-9])?)*')
Failed to enrich commits with issues: User.jenkins.io "-0" is invalid: metadata.name: Invalid value: "-0": a DNS-1123 subdomain must consist of lower case alphanumeric characters, '-' or '.', and must start and end with an alphanumeric character (e.g. 'example.com', regex used for validation is '[a-z0-9]([-a-z0-9]*[a-z0-9])?(\.[a-z0-9]([-a-z0-9]*[a-z0-9])?)*')
Finding issues in commit messages using git format
No release found for jstrachan/nodey78 and tag v0.0.1 so creating a new release
Updated the release information at https://github.com/jstrachan/nodey78/releases/tag/v0.0.1
generated: /workspace/source/charts/nodey78/templates/release.yaml
Created Release nodey78-0-0-1 resource in namespace **
Updating PipelineActivity jstrachan-nodey78-master-1 with version 0.0.1
Updated PipelineActivities jstrachan-nodey78-master-1 with release notes URL: https://github.com/jstrachan/nodey78/releases/tag/v0.0.1
Step: build-step-promote-helm-release:

No $CHART_REPOSITORY defined so using the default value of: http://jenkins-x-chartmuseum:8080
Adding missing Helm repo: jenkins-x http://chartmuseum.jenkins-x.io
Successfully added Helm repository jenkins-x.
Adding missing Helm repo: releases http://jenkins-x-chartmuseum:8080
Successfully added Helm repository releases.
No $CHART_REPOSITORY defined so using the default value of: http://jenkins-x-chartmuseum:8080
Uploading chart file nodey78-0.0.1.tgz to http://jenkins-x-chartmuseum:8080/api/charts
Received 201 response: {"saved":true}
Step: build-step-promote-**-promote:

prow based install so skip waiting for the merge of Pull Requests to go green as currently there is an issue with gettingstatuses from the PR, see https://github.com/jenkins-x/**/issues/2410
Promoting app nodey78 version 0.0.1 to namespace **-staging
Created Pull Request: https://github.com/******************/environment-jstrachan-t2-staging/pull/5

Pull Request https://github.com/******************/environment-jstrachan-t2-staging/pull/5 is merged at sha 33daec75eb29f1135bcc6b516c26bc0d743bed4b
Pull Request merged but we are not waiting for the update pipeline to complete!
Could not find the service URL in namespace **-staging for names nodey78, **-nodey78, **-staging-nodey78
Step: build-step-source-mkdir-jstrachan-nodey78-master-ch89r:

{"level":"warn","ts":1554982362.8750412,"logger":"fallback-logger","caller":"logging/config.go:65","msg":"Fetch GitHub commit ID from kodata failed: open /var/run/ko/HEAD: no such file or directory"}
{"level":"info","ts":1554982362.9230876,"logger":"fallback-logger","caller":"bash/main.go:65","msg":"Successfully executed command \"mkdir -p /pvc/from-build-pack/workspace\""}
Step: build-step-source-copy-jstrachan-nodey78-master-942nr:

{"level":"warn","ts":1554982363.4701943,"logger":"fallback-logger","caller":"logging/config.go:65","msg":"Fetch GitHub commit ID from kodata failed: open /var/run/ko/HEAD: no such file or directory"}
{"level":"info","ts":1554982363.6490014,"logger":"fallback-logger","caller":"bash/main.go:65","msg":"Successfully executed command \"cp -r /workspace/source/. /pvc/from-build-pack/workspace\""}
